<?xml version="1.0" encoding="UTF-8"?>
<testng-results skipped="0" failed="0" total="1" passed="1">
  <reporter-output>
  </reporter-output>
  <suite name="Default suite" duration-ms="41901" started-at="2017-08-05T15:49:56Z" finished-at="2017-08-05T15:50:38Z">
    <groups>
    </groups>
    <test name="Default test" duration-ms="41901" started-at="2017-08-05T15:49:56Z" finished-at="2017-08-05T15:50:38Z">
      <class name="tests.Poups">
        <test-method status="PASS" signature="popups()[pri:0, instance:tests.Poups@75412c2f]" name="popups" duration-ms="41884" started-at="2017-08-05T21:19:56Z" finished-at="2017-08-05T21:20:38Z">
          <reporter-output>
          </reporter-output>
        </test-method> <!-- popups -->
      </class> <!-- tests.Poups -->
    </test> <!-- Default test -->
  </suite> <!-- Default suite -->
</testng-results>
